{"name": "test_login_002", "status": "failed", "statusDetails": {"message": "AssertionError: assert False", "trace": "self = <TestCases.test_Login002.Test_UserLogin001 object at 0x00000279B0322C10>\nsetup = <selenium.webdriver.firefox.webdriver.WebDriver (session=\"a9856f0a-ed3b-45e1-b81d-4849b886ed72\")>\n\n    def test_login_002(self, setup):\n        self.driver = setup\n        self.ul = LoginClass(self.driver)\n        logger = get_logger()\n        logger.info(\"Test Started: test_test_login001\")\n        current_datetime = screenshot.get_current_datetime()\n    \n        filename = \"D:\\\\CAREER\\\\Pytest Practice\\\\CredKart 2025-26\\\\TestData\\\\Login Test Credentials.xlsx\"\n        sheetname = \"Sheet1\"\n        rows = readLoginExcel.get_row_count(filename=filename, sheetname=sheetname)\n        for r in range(2, rows+1):\n            userEmail = readLoginExcel.read_data(filename=filename, sheetname=sheetname, row=r, column=1)\n            userPassword = readLoginExcel.read_data(filename=filename, sheetname=sheetname, row=r, column=2)\n            expected_result = readLoginExcel.read_data(filename=filename, sheetname=sheetname, row=r, column=3)\n    \n            # Open Url\n            self.driver.get(readconfig.getLoginUrl())\n            logger.info(\"Opened URL\")\n    \n            # Enter Email\n            self.ul.Enter_Email(userEmail)\n            logger.info(\"Entered UserEmail\")\n    \n            # Enter Password\n            self.ul.Enter_Password(userPassword)\n            logger.info(\"Entered UserPassword\")\n    \n            # Click on login Button\n            self.ul.ClickonLoginButton()\n            logger.info(\"Clicked Login Button\")\n    \n            # Validate login Page\n            if self.ul.ValidateLoginPage() == True and expected_result == \"Pass\":\n                print(f\"Positive test_{r-1} passed...\")\n                logger.info(f\"Posite Test_{r-1} Passed: Login Successful\")\n                self.driver.save_screenshot(f\"{readconfig.getPassscreenshotPath()}/Screenshot_Test_Login_Passed_{r-1}_{current_datetime}.png\")\n                assert True\n            elif self.ul.ValidateLoginPage() == False and expected_result == \"Fail\":\n                print(f\"Negative test_{r-1} passed...\")\n                logger.info(f\"Negative Test_{r-1} Passed: Login Successful\")\n                self.driver.save_screenshot(f\"{readconfig.getPassscreenshotPath()}/Screenshot_Test_Login_Passed_{r-1}_{current_datetime}.png\")\n                assert True\n            else:\n                print(f\"Test_{r-1} fail (Mismatch between expected result and actual result)\")\n                logger.info(f\"Test_{r-1} Failed: Login Unsuccessful\")\n                self.driver.save_screenshot(f\"{readconfig.getFailscreenshotPath()}/Screenshot_Test_Login_Failed_{r-1}_{current_datetime}.png\")\n>               assert False\nE               assert False\n\nCredKart 2025-26\\TestCases\\test_Login002.py:54: AssertionError"}, "attachments": [{"name": "log", "source": "1aa8e661-cd3e-4388-93f8-eeec2a0adeca-attachment.txt", "type": "text/plain"}, {"name": "stdout", "source": "b1fb2605-7c0c-4226-a555-883d02b77af9-attachment.txt", "type": "text/plain"}], "start": 1764312783228, "stop": 1764312802187, "uuid": "c3a59e9e-9aca-4128-b3ab-18cc20a2fc03", "historyId": "b0ccb05bc5978d1b5b3287dd35875865", "testCaseId": "b0ccb05bc5978d1b5b3287dd35875865", "fullName": "CredKart 2025-26.TestCases.test_Login002.Test_UserLogin001#test_login_002", "labels": [{"name": "parentSuite", "value": "CredKart 2025-26.TestCases"}, {"name": "suite", "value": "test_Login002"}, {"name": "subSuite", "value": "Test_UserLogin001"}, {"name": "host", "value": "LAPTOP-VGF80Q6S"}, {"name": "thread", "value": "11188-MainThread"}, {"name": "framework", "value": "pytest"}, {"name": "language", "value": "cpython3"}, {"name": "package", "value": "CredKart 2025-26.TestCases.test_Login002"}], "titlePath": ["CredKart 2025-26", "TestCases", "test_Login002.py", "Test_UserLogin001"]}